TN:
SF:src\blocks\blockModel.js
FN:10,createBlock
FNF:1
FNH:1
FNDA:10,createBlock
DA:3,4
DA:20,10
LF:2
LH:2
BRDA:10,0,0,10
BRDA:11,1,0,10
BRDA:12,2,0,10
BRDA:13,3,0,10
BRDA:14,4,0,10
BRDA:15,5,0,10
BRDA:16,6,0,10
BRDA:17,7,0,10
BRDA:18,8,0,10
BRDA:25,9,0,10
BRDA:25,9,1,1
BRDA:26,10,0,10
BRDA:26,10,1,1
BRDA:29,11,0,10
BRDA:29,11,1,1
BRDA:30,12,0,10
BRDA:30,12,1,1
BRF:17
BRH:17
end_of_record
TN:
SF:src\blocks\blockRenderer.js
FN:3,createBlockElement
FN:37,(anonymous_1)
FNF:2
FNH:2
FNDA:4,createBlockElement
FNDA:16,(anonymous_1)
DA:4,4
DA:5,4
DA:7,4
DA:8,1
DA:10,4
DA:11,1
DA:13,4
DA:14,4
DA:15,4
DA:16,4
DA:17,4
DA:19,4
DA:21,4
DA:22,2
DA:23,2
DA:24,2
DA:25,2
DA:26,2
DA:27,2
DA:28,1
DA:29,1
DA:30,1
DA:32,1
DA:33,1
DA:34,1
DA:37,4
DA:38,16
DA:39,16
DA:40,16
DA:41,16
DA:44,4
LF:31
LH:31
BRDA:3,0,0,4
BRDA:3,1,0,4
BRDA:3,2,0,4
BRDA:7,3,0,1
BRDA:7,3,1,3
BRDA:10,4,0,1
BRDA:10,4,1,3
BRDA:21,5,0,2
BRDA:21,5,1,2
BRDA:25,6,0,2
BRDA:25,6,1,1
BRDA:27,7,0,1
BRDA:27,7,1,1
BRF:13
BRH:13
end_of_record
TN:
SF:src\blocks\dragResize.js
FN:4,applyDrag
FN:18,applyResize
FN:33,setupDragResize
FN:48,(anonymous_3)
FN:64,(anonymous_4)
FN:84,(anonymous_5)
FN:108,(anonymous_6)
FN:117,(anonymous_7)
FNF:8
FNH:8
FNDA:6,applyDrag
FNDA:5,applyResize
FNDA:7,setupDragResize
FNDA:3,(anonymous_3)
FNDA:4,(anonymous_4)
FNDA:2,(anonymous_5)
FNDA:3,(anonymous_6)
FNDA:6,(anonymous_7)
DA:10,6
DA:15,6
DA:19,5
DA:26,5
DA:27,5
DA:41,7
DA:42,1
DA:45,6
DA:49,3
DA:56,3
DA:57,3
DA:58,3
DA:60,3
DA:61,1
DA:65,4
DA:66,2
DA:69,2
DA:70,2
DA:71,2
DA:72,2
DA:74,2
DA:75,1
DA:85,2
DA:92,2
DA:93,2
DA:94,2
DA:96,2
DA:97,2
DA:98,2
DA:99,2
DA:101,2
DA:102,1
DA:108,6
DA:109,3
DA:110,2
DA:112,3
DA:113,2
DA:117,6
DA:118,6
DA:119,4
DA:123,6
LF:41
LH:41
BRDA:4,0,0,6
BRDA:5,1,0,6
BRDA:6,2,0,6
BRDA:20,3,0,5
BRDA:20,3,1,1
BRDA:21,4,0,5
BRDA:21,4,1,1
BRDA:22,5,0,5
BRDA:22,5,1,1
BRDA:23,6,0,5
BRDA:23,6,1,1
BRDA:39,7,0,7
BRDA:41,8,0,1
BRDA:41,8,1,6
BRDA:41,9,0,7
BRDA:41,9,1,6
BRDA:60,10,0,1
BRDA:60,10,1,2
BRDA:65,11,0,2
BRDA:65,11,1,2
BRDA:74,12,0,1
BRDA:74,12,1,1
BRDA:101,13,0,1
BRDA:101,13,1,1
BRDA:109,14,0,2
BRDA:109,14,1,1
BRDA:112,15,0,2
BRDA:112,15,1,1
BRDA:118,16,0,4
BRDA:118,16,1,2
BRF:30
BRH:30
end_of_record
TN:
SF:src\blocks\imageBlock.js
FN:3,fileToDataUrl
FN:3,(anonymous_1)
FN:4,(anonymous_2)
FN:6,(anonymous_3)
FN:7,(anonymous_4)
FN:12,getImageDimensions
FN:12,(anonymous_6)
FN:13,(anonymous_7)
FN:15,(anonymous_8)
FN:16,(anonymous_9)
FN:21,scaleToFit
FN:36,createImageBlockFromFile
FNF:12
FNH:12
FNDA:8,fileToDataUrl
FNDA:1,(anonymous_1)
FNDA:8,(anonymous_2)
FNDA:6,(anonymous_3)
FNDA:2,(anonymous_4)
FNDA:7,getImageDimensions
FNDA:1,(anonymous_6)
FNDA:7,(anonymous_7)
FNDA:5,(anonymous_8)
FNDA:2,(anonymous_9)
FNDA:6,scaleToFit
FNDA:4,createImageBlockFromFile
DA:3,1
DA:4,8
DA:5,8
DA:6,8
DA:7,8
DA:8,8
DA:12,1
DA:13,7
DA:14,7
DA:15,7
DA:16,7
DA:17,7
DA:22,6
DA:23,1
DA:26,5
DA:27,5
DA:28,5
DA:30,5
DA:45,4
DA:47,4
DA:51,4
DA:56,4
DA:59,4
DA:60,4
DA:62,1
DA:65,4
DA:67,4
LF:27
LH:27
BRDA:3,0,0,1
BRDA:7,1,0,2
BRDA:7,1,1,1
BRDA:12,2,0,1
BRDA:22,3,0,1
BRDA:22,3,1,5
BRDA:22,4,0,6
BRDA:22,4,1,5
BRDA:36,5,0,4
BRDA:40,6,0,4
BRDA:47,7,0,4
BRDA:47,7,1,3
BRDA:48,8,0,2
BRDA:48,8,1,1
BRDA:49,9,0,2
BRDA:49,9,1,1
BRF:16
BRH:16
end_of_record
TN:
SF:src\blocks\tableBlock.js
FN:7,parseTabularText
FN:19,(anonymous_1)
FN:22,normalizeRows
FN:27,(anonymous_3)
FN:28,(anonymous_4)
FN:37,createEmptyTable
FN:38,(anonymous_6)
FN:39,(anonymous_7)
FN:43,computeTableSize
FN:59,createTableBlockFromRows
FN:82,createTableBlockFromText
FN:87,readTableRows
FN:89,(anonymous_12)
FN:90,(anonymous_13)
FN:94,updateTableBody
FN:98,(anonymous_15)
FN:100,(anonymous_16)
FN:110,setTableEditable
FN:112,(anonymous_18)
FN:119,attachTableHandlers
FN:120,(anonymous_20)
FN:127,(anonymous_21)
FN:141,createTableElement
FNF:23
FNH:23
FNDA:7,parseTabularText
FNDA:7,(anonymous_1)
FNDA:21,normalizeRows
FNDA:22,(anonymous_3)
FNDA:22,(anonymous_4)
FNDA:8,createEmptyTable
FNDA:16,(anonymous_6)
FNDA:34,(anonymous_7)
FNDA:7,computeTableSize
FNDA:4,createTableBlockFromRows
FNDA:1,createTableBlockFromText
FNDA:10,readTableRows
FNDA:16,(anonymous_12)
FNDA:27,(anonymous_13)
FNDA:18,updateTableBody
FNDA:23,(anonymous_15)
FNDA:34,(anonymous_16)
FNDA:15,setTableEditable
FNDA:24,(anonymous_18)
FNDA:13,attachTableHandlers
FNDA:6,(anonymous_20)
FNDA:6,(anonymous_21)
FNDA:12,createTableElement
DA:3,2
DA:4,2
DA:5,2
DA:8,7
DA:9,1
DA:12,6
DA:13,6
DA:14,2
DA:17,4
DA:19,7
DA:23,21
DA:24,4
DA:27,22
DA:28,17
DA:29,22
DA:30,22
DA:31,1
DA:33,22
DA:38,8
DA:39,34
DA:44,7
DA:45,7
DA:46,7
DA:47,7
DA:49,7
DA:50,5
DA:53,2
DA:65,4
DA:67,4
DA:68,4
DA:69,4
DA:70,4
DA:72,4
DA:83,1
DA:84,1
DA:88,10
DA:89,10
DA:90,27
DA:95,18
DA:96,18
DA:98,18
DA:99,23
DA:100,23
DA:101,34
DA:102,34
DA:103,34
DA:104,34
DA:106,23
DA:111,15
DA:112,15
DA:113,24
DA:115,15
DA:116,15
DA:120,13
DA:121,6
DA:122,6
DA:125,13
DA:127,13
DA:128,6
DA:129,6
DA:130,3
DA:133,3
DA:134,3
DA:135,3
DA:136,6
DA:137,6
DA:142,12
DA:143,12
DA:144,12
DA:145,12
DA:146,12
DA:147,12
DA:148,12
LF:73
LH:73
BRDA:8,0,0,1
BRDA:8,0,1,6
BRDA:13,1,0,2
BRDA:13,1,1,4
BRDA:23,2,0,4
BRDA:23,2,1,17
BRDA:23,3,0,21
BRDA:23,3,1,19
BRDA:37,4,0,8
BRDA:37,5,0,8
BRDA:44,6,0,7
BRDA:44,6,1,1
BRDA:45,7,0,7
BRDA:45,7,1,1
BRDA:49,8,0,5
BRDA:49,8,1,2
BRDA:59,9,0,4
BRDA:63,10,0,4
BRDA:69,11,0,2
BRDA:69,11,1,2
BRDA:82,12,0,1
BRDA:90,13,0,27
BRDA:90,13,1,12
BRDA:95,14,0,18
BRDA:95,14,1,14
BRDA:113,15,0,21
BRDA:113,15,1,3
BRDA:121,16,0,6
BRDA:121,16,1,1
BRDA:129,17,0,3
BRDA:129,17,1,3
BRDA:129,18,0,6
BRDA:129,18,1,4
BRDA:129,18,2,3
BRDA:135,19,0,2
BRDA:135,19,1,1
BRDA:144,20,0,12
BRDA:144,20,1,2
BRF:38
BRH:38
end_of_record
TN:
SF:src\editor\documentModel.js
FN:5,createLanguage
FN:13,createPage
FN:21,createDocument
FN:39,(anonymous_3)
FN:65,serializeDocument
FN:69,deserializeDocument
FNF:6
FNH:6
FNDA:5,createLanguage
FNDA:4,createPage
FNDA:4,createDocument
FNDA:5,(anonymous_3)
FNDA:5,serializeDocument
FNDA:5,deserializeDocument
DA:3,3
DA:6,5
DA:14,4
DA:33,4
DA:35,4
DA:39,5
DA:41,4
DA:43,4
DA:66,5
DA:70,5
LF:10
LH:10
BRDA:5,0,0,5
BRDA:5,1,0,5
BRDA:5,2,0,5
BRDA:5,3,0,5
BRDA:13,4,0,4
BRDA:13,5,0,4
BRDA:13,6,0,4
BRDA:13,7,0,4
BRDA:21,8,0,4
BRDA:23,9,0,4
BRDA:24,10,0,4
BRDA:25,11,0,4
BRDA:26,12,0,4
BRDA:27,13,0,4
BRDA:28,14,0,4
BRDA:35,15,0,2
BRDA:35,15,1,2
BRDA:35,16,0,4
BRDA:35,16,1,2
BRDA:39,17,0,4
BRDA:39,17,1,1
BRDA:41,18,0,2
BRDA:41,18,1,2
BRDA:41,19,0,4
BRDA:41,19,1,2
BRDA:56,20,0,4
BRDA:56,20,1,3
BRDA:59,21,0,4
BRDA:59,21,1,3
BRDA:60,22,0,4
BRDA:60,22,1,3
BRF:31
BRH:31
end_of_record
TN:
SF:src\editor\editor.js
FN:9,createEditorState
FN:26,createEditorView
FN:29,(anonymous_2)
FN:36,(anonymous_3)
FN:47,runCommand
FN:51,createEditorCommands
FN:54,(anonymous_6)
FN:55,(anonymous_7)
FN:56,(anonymous_8)
FN:57,(anonymous_9)
FN:61,createEditor
FNF:11
FNH:11
FNDA:5,createEditorState
FNDA:4,createEditorView
FNDA:1,(anonymous_2)
FNDA:4,(anonymous_3)
FNDA:4,runCommand
FNDA:1,createEditorCommands
FNDA:1,(anonymous_6)
FNDA:1,(anonymous_7)
FNDA:1,(anonymous_8)
FNDA:1,(anonymous_9)
FNDA:4,createEditor
DA:10,5
DA:11,5
DA:29,1
DA:33,4
DA:37,4
DA:38,4
DA:39,4
DA:40,3
DA:44,4
DA:48,4
DA:52,1
DA:53,1
DA:54,1
DA:55,1
DA:56,1
DA:57,1
DA:62,4
DA:63,4
DA:64,4
LF:19
LH:19
BRDA:9,0,0,5
BRDA:9,1,0,5
BRDA:10,2,0,1
BRDA:10,2,1,4
BRDA:29,3,0,1
BRDA:39,4,0,3
BRDA:39,4,1,1
BRDA:61,5,0,4
BRDA:62,6,0,4
BRDA:62,6,1,2
BRF:10
BRH:10
end_of_record
TN:
SF:src\editor\schema.js
FN:16,(anonymous_0)
FN:22,(anonymous_1)
FN:33,createEditorSchema
FNF:3
FNH:3
FNDA:2,(anonymous_0)
FNDA:1,(anonymous_1)
FNDA:9,createEditorSchema
DA:5,2
DA:16,2
DA:22,1
DA:34,9
DA:35,9
DA:36,9
LF:6
LH:6
BRDA:17,0,0,2
BRDA:17,0,1,1
BRDA:18,1,0,2
BRDA:18,1,1,1
BRDA:26,2,0,1
BRDA:26,2,1,1
BRF:6
BRH:6
end_of_record
TN:
SF:src\services\export.js
FN:1,renderDocumentToHtml
FN:5,(anonymous_1)
FNF:2
FNH:2
FNDA:4,renderDocumentToHtml
FNDA:2,(anonymous_1)
DA:2,4
DA:4,4
DA:6,2
DA:7,2
DA:11,4
LF:5
LH:5
BRDA:2,0,0,3
BRDA:2,0,1,1
BRDA:6,1,0,2
BRDA:6,1,1,1
BRDA:11,2,0,4
BRDA:11,2,1,2
BRF:6
BRH:6
end_of_record
TN:
SF:src\services\storage.js
FN:3,createStorageService
FN:9,(anonymous_1)
FN:13,(anonymous_2)
FNF:3
FNH:3
FNDA:12,createStorageService
FNDA:4,(anonymous_1)
FNDA:4,(anonymous_2)
DA:4,12
DA:5,1
DA:8,11
DA:10,4
DA:11,4
DA:14,4
DA:15,4
LF:7
LH:7
BRDA:4,0,0,1
BRDA:4,0,1,11
BRDA:4,1,0,12
BRDA:4,1,1,11
BRDA:4,1,2,11
BRF:5
BRH:5
end_of_record
TN:
SF:src\services\tauriStorage.js
FN:3,createTauriAdapter
FN:9,(anonymous_1)
FN:12,(anonymous_2)
FN:18,pickSavePath
FN:28,pickOpenPath
FN:39,saveDocumentToFile
FN:58,loadDocumentFromFile
FNF:7
FNH:7
FNDA:4,createTauriAdapter
FNDA:2,(anonymous_1)
FNDA:2,(anonymous_2)
FNDA:4,pickSavePath
FNDA:4,pickOpenPath
FNDA:6,saveDocumentToFile
FNDA:6,loadDocumentFromFile
DA:4,4
DA:5,1
DA:8,3
DA:10,2
DA:13,2
DA:19,4
DA:20,1
DA:23,3
DA:29,4
DA:30,1
DA:33,3
DA:40,6
DA:41,6
DA:43,6
DA:44,1
DA:47,5
DA:48,5
DA:50,6
DA:51,2
DA:54,3
DA:55,3
DA:59,6
DA:60,6
DA:62,6
DA:63,1
DA:66,5
DA:67,5
DA:69,6
DA:70,2
DA:73,3
DA:74,3
LF:31
LH:31
BRDA:4,0,0,1
BRDA:4,0,1,3
BRDA:4,1,0,4
BRDA:4,1,1,3
BRDA:19,2,0,1
BRDA:19,2,1,3
BRDA:29,3,0,1
BRDA:29,3,1,3
BRDA:39,4,0,6
BRDA:41,5,0,6
BRDA:41,5,1,2
BRDA:41,6,0,1
BRDA:41,6,1,1
BRDA:43,7,0,1
BRDA:43,7,1,5
BRDA:48,8,0,5
BRDA:48,8,1,3
BRDA:48,9,0,2
BRDA:48,9,1,1
BRDA:50,10,0,2
BRDA:50,10,1,4
BRDA:58,11,0,6
BRDA:60,12,0,6
BRDA:60,12,1,2
BRDA:60,13,0,1
BRDA:60,13,1,1
BRDA:62,14,0,1
BRDA:62,14,1,5
BRDA:67,15,0,5
BRDA:67,15,1,3
BRDA:67,16,0,2
BRDA:67,16,1,1
BRDA:69,17,0,2
BRDA:69,17,1,4
BRF:34
BRH:34
end_of_record
TN:
SF:src\services\translation.js
FN:1,createTranslationService
FN:9,(anonymous_1)
FNF:2
FNH:2
FNDA:4,createTranslationService
FNDA:3,(anonymous_1)
DA:2,4
DA:3,1
DA:6,3
DA:8,4
DA:10,3
DA:22,3
DA:23,1
DA:32,2
DA:33,2
LF:9
LH:9
BRDA:1,0,0,4
BRDA:2,1,0,1
BRDA:2,1,1,3
BRDA:6,2,0,3
BRDA:6,2,1,1
BRDA:22,3,0,1
BRDA:22,3,1,2
BRF:7
BRH:7
end_of_record
TN:
SF:src\ui\toolbar.js
FN:1,createToolbar
FN:12,(anonymous_1)
FN:19,(anonymous_2)
FNF:3
FNH:3
FNDA:1,createToolbar
FNDA:4,(anonymous_1)
FNDA:4,(anonymous_2)
DA:2,1
DA:3,1
DA:5,1
DA:12,1
DA:13,4
DA:14,4
DA:15,4
DA:16,4
DA:18,4
DA:19,4
DA:20,4
DA:23,1
LF:12
LH:12
BRDA:19,0,0,4
BRDA:19,0,1,4
BRF:2
BRH:2
end_of_record
TN:
SF:src\utils\grid.js
FN:1,normalizeGridSize
FN:9,snapValue
FN:14,snapPoint
FN:30,snapRect
FNF:4
FNH:4
FNDA:33,normalizeGridSize
FNDA:30,snapValue
FNDA:11,snapPoint
FNDA:8,snapRect
DA:2,33
DA:3,33
DA:4,29
DA:6,4
DA:10,30
DA:11,30
DA:15,11
DA:20,11
DA:21,5
DA:24,6
DA:31,8
DA:38,8
DA:39,4
DA:42,4
LF:14
LH:14
BRDA:1,0,0,33
BRDA:3,1,0,29
BRDA:3,1,1,4
BRDA:3,2,0,33
BRDA:3,2,1,30
BRDA:14,3,0,11
BRDA:16,4,0,11
BRDA:16,4,1,1
BRDA:17,5,0,11
BRDA:17,5,1,1
BRDA:20,6,0,5
BRDA:20,6,1,6
BRDA:30,7,0,8
BRDA:32,8,0,8
BRDA:32,8,1,1
BRDA:33,9,0,8
BRDA:33,9,1,1
BRDA:34,10,0,8
BRDA:34,10,1,1
BRDA:35,11,0,8
BRDA:35,11,1,1
BRDA:38,12,0,4
BRDA:38,12,1,4
BRF:23
BRH:23
end_of_record
TN:
SF:src\utils\id.js
FN:1,createId
FNF:1
FNH:1
FNDA:12,createId
DA:2,12
DA:3,12
DA:4,12
LF:3
LH:3
BRDA:1,0,0,12
BRF:1
BRH:1
end_of_record
