TN:
SF:src\blocks\blockModel.js
FN:12,createBlock
FNF:1
FNH:1
FNDA:10,createBlock
DA:3,4
DA:22,10
LF:2
LH:2
BRDA:12,0,0,10
BRDA:13,1,0,10
BRDA:14,2,0,10
BRDA:15,3,0,10
BRDA:16,4,0,10
BRDA:17,5,0,10
BRDA:18,6,0,10
BRDA:19,7,0,10
BRDA:20,8,0,10
BRDA:27,9,0,10
BRDA:27,9,1,1
BRDA:28,10,0,10
BRDA:28,10,1,1
BRDA:31,11,0,10
BRDA:31,11,1,1
BRDA:32,12,0,10
BRDA:32,12,1,1
BRF:17
BRH:17
end_of_record
TN:
SF:src\blocks\blockRenderer.js
FN:4,createBlockElement
FN:54,(anonymous_1)
FNF:2
FNH:2
FNDA:7,createBlockElement
FNDA:4,(anonymous_1)
DA:5,7
DA:6,7
DA:8,7
DA:9,1
DA:11,7
DA:12,1
DA:14,7
DA:15,1
DA:17,7
DA:18,1
DA:20,7
DA:21,1
DA:23,7
DA:24,7
DA:25,7
DA:26,7
DA:27,7
DA:29,7
DA:31,7
DA:32,2
DA:33,2
DA:34,2
DA:35,2
DA:36,2
DA:37,5
DA:38,1
DA:39,1
DA:40,1
DA:42,4
DA:43,4
DA:44,4
DA:45,4
DA:46,4
DA:47,4
DA:48,4
DA:49,4
DA:50,4
DA:53,7
DA:54,1
DA:55,4
DA:56,4
DA:57,4
DA:58,4
DA:62,7
LF:44
LH:44
BRDA:4,0,0,7
BRDA:4,1,0,7
BRDA:4,2,0,7
BRDA:8,3,0,1
BRDA:8,3,1,6
BRDA:11,4,0,1
BRDA:11,4,1,6
BRDA:14,5,0,1
BRDA:14,5,1,6
BRDA:17,6,0,1
BRDA:17,6,1,6
BRDA:20,7,0,1
BRDA:20,7,1,6
BRDA:31,8,0,2
BRDA:31,8,1,5
BRDA:35,9,0,2
BRDA:35,9,1,1
BRDA:37,10,0,1
BRDA:37,10,1,4
BRDA:53,11,0,1
BRDA:53,11,1,6
BRF:21
BRH:21
end_of_record
TN:
SF:src\blocks\blockStyles.js
FN:21,getBlockDefaultStyle
FN:25,getBlockTextStyle
FNF:2
FNH:2
FNDA:4,getBlockDefaultStyle
FNDA:4,getBlockTextStyle
DA:3,1
DA:22,4
DA:26,4
DA:27,4
LF:4
LH:4
BRDA:22,0,0,4
BRDA:22,0,1,1
BRDA:28,1,0,4
BRDA:28,1,1,3
BRDA:29,2,0,4
BRDA:29,2,1,3
BRDA:32,3,0,4
BRDA:32,3,1,3
BRF:8
BRH:8
end_of_record
TN:
SF:src\blocks\dragResize.js
FN:4,applyDrag
FN:18,applyResize
FN:33,setupDragResize
FN:48,(anonymous_3)
FN:64,(anonymous_4)
FN:84,(anonymous_5)
FN:108,(anonymous_6)
FN:117,(anonymous_7)
FNF:8
FNH:8
FNDA:6,applyDrag
FNDA:5,applyResize
FNDA:7,setupDragResize
FNDA:3,(anonymous_3)
FNDA:4,(anonymous_4)
FNDA:2,(anonymous_5)
FNDA:3,(anonymous_6)
FNDA:6,(anonymous_7)
DA:10,6
DA:15,6
DA:19,5
DA:26,5
DA:27,5
DA:41,7
DA:42,1
DA:45,6
DA:49,3
DA:56,3
DA:57,3
DA:58,3
DA:60,3
DA:61,1
DA:65,4
DA:66,2
DA:69,2
DA:70,2
DA:71,2
DA:72,2
DA:74,2
DA:75,1
DA:85,2
DA:92,2
DA:93,2
DA:94,2
DA:96,2
DA:97,2
DA:98,2
DA:99,2
DA:101,2
DA:102,1
DA:108,6
DA:109,3
DA:110,2
DA:112,3
DA:113,2
DA:117,6
DA:118,6
DA:119,4
DA:123,6
LF:41
LH:41
BRDA:4,0,0,6
BRDA:5,1,0,6
BRDA:6,2,0,6
BRDA:20,3,0,5
BRDA:20,3,1,1
BRDA:21,4,0,5
BRDA:21,4,1,1
BRDA:22,5,0,5
BRDA:22,5,1,1
BRDA:23,6,0,5
BRDA:23,6,1,1
BRDA:39,7,0,7
BRDA:41,8,0,1
BRDA:41,8,1,6
BRDA:41,9,0,7
BRDA:41,9,1,6
BRDA:60,10,0,1
BRDA:60,10,1,2
BRDA:65,11,0,2
BRDA:65,11,1,2
BRDA:74,12,0,1
BRDA:74,12,1,1
BRDA:101,13,0,1
BRDA:101,13,1,1
BRDA:109,14,0,2
BRDA:109,14,1,1
BRDA:112,15,0,2
BRDA:112,15,1,1
BRDA:118,16,0,4
BRDA:118,16,1,2
BRF:30
BRH:30
end_of_record
TN:
SF:src\blocks\imageBlock.js
FN:3,fileToDataUrl
FN:3,(anonymous_1)
FN:4,(anonymous_2)
FN:6,(anonymous_3)
FN:7,(anonymous_4)
FN:12,getImageDimensions
FN:12,(anonymous_6)
FN:13,(anonymous_7)
FN:15,(anonymous_8)
FN:16,(anonymous_9)
FN:21,scaleToFit
FN:36,createImageBlockFromFile
FNF:12
FNH:12
FNDA:8,fileToDataUrl
FNDA:1,(anonymous_1)
FNDA:8,(anonymous_2)
FNDA:6,(anonymous_3)
FNDA:2,(anonymous_4)
FNDA:7,getImageDimensions
FNDA:1,(anonymous_6)
FNDA:7,(anonymous_7)
FNDA:5,(anonymous_8)
FNDA:2,(anonymous_9)
FNDA:6,scaleToFit
FNDA:4,createImageBlockFromFile
DA:3,1
DA:4,8
DA:5,8
DA:6,8
DA:7,8
DA:8,8
DA:12,1
DA:13,7
DA:14,7
DA:15,7
DA:16,7
DA:17,7
DA:22,6
DA:23,1
DA:26,5
DA:27,5
DA:28,5
DA:30,5
DA:46,4
DA:48,4
DA:52,4
DA:57,4
DA:60,4
DA:61,4
DA:63,1
DA:66,4
DA:68,4
LF:27
LH:27
BRDA:3,0,0,1
BRDA:7,1,0,2
BRDA:7,1,1,1
BRDA:12,2,0,1
BRDA:22,3,0,1
BRDA:22,3,1,5
BRDA:22,4,0,6
BRDA:22,4,1,5
BRDA:36,5,0,4
BRDA:40,6,0,4
BRDA:48,7,0,4
BRDA:48,7,1,3
BRDA:49,8,0,2
BRDA:49,8,1,1
BRDA:50,9,0,2
BRDA:50,9,1,1
BRF:16
BRH:16
end_of_record
TN:
SF:src\blocks\tableBlock.js
FN:7,parseTabularText
FN:19,(anonymous_1)
FN:22,normalizeRows
FN:27,(anonymous_3)
FN:28,(anonymous_4)
FN:37,createEmptyTable
FN:38,(anonymous_6)
FN:39,(anonymous_7)
FN:43,computeTableSize
FN:59,createTableBlockFromRows
FN:84,createTableBlockFromText
FN:89,readTableRows
FN:91,(anonymous_12)
FN:92,(anonymous_13)
FN:96,updateTableBody
FN:100,(anonymous_15)
FN:102,(anonymous_16)
FN:112,setTableEditable
FN:114,(anonymous_18)
FN:121,attachTableHandlers
FN:122,(anonymous_20)
FN:129,(anonymous_21)
FN:143,createTableElement
FNF:23
FNH:23
FNDA:7,parseTabularText
FNDA:7,(anonymous_1)
FNDA:21,normalizeRows
FNDA:22,(anonymous_3)
FNDA:22,(anonymous_4)
FNDA:8,createEmptyTable
FNDA:16,(anonymous_6)
FNDA:34,(anonymous_7)
FNDA:7,computeTableSize
FNDA:4,createTableBlockFromRows
FNDA:1,createTableBlockFromText
FNDA:10,readTableRows
FNDA:16,(anonymous_12)
FNDA:27,(anonymous_13)
FNDA:18,updateTableBody
FNDA:23,(anonymous_15)
FNDA:34,(anonymous_16)
FNDA:15,setTableEditable
FNDA:24,(anonymous_18)
FNDA:13,attachTableHandlers
FNDA:6,(anonymous_20)
FNDA:6,(anonymous_21)
FNDA:12,createTableElement
DA:3,2
DA:4,2
DA:5,2
DA:8,7
DA:9,1
DA:12,6
DA:13,6
DA:14,2
DA:17,4
DA:19,7
DA:23,21
DA:24,4
DA:27,22
DA:28,17
DA:29,22
DA:30,22
DA:31,1
DA:33,22
DA:38,8
DA:39,34
DA:44,7
DA:45,7
DA:46,7
DA:47,7
DA:49,7
DA:50,5
DA:53,2
DA:66,4
DA:68,4
DA:69,4
DA:70,4
DA:71,4
DA:73,4
DA:85,1
DA:86,1
DA:90,10
DA:91,10
DA:92,27
DA:97,18
DA:98,18
DA:100,18
DA:101,23
DA:102,23
DA:103,34
DA:104,34
DA:105,34
DA:106,34
DA:108,23
DA:113,15
DA:114,15
DA:115,24
DA:117,15
DA:118,15
DA:122,13
DA:123,6
DA:124,6
DA:127,13
DA:129,13
DA:130,6
DA:131,6
DA:132,3
DA:135,3
DA:136,3
DA:137,3
DA:138,6
DA:139,6
DA:144,12
DA:145,12
DA:146,12
DA:147,12
DA:148,12
DA:149,12
DA:150,12
LF:73
LH:73
BRDA:8,0,0,1
BRDA:8,0,1,6
BRDA:13,1,0,2
BRDA:13,1,1,4
BRDA:23,2,0,4
BRDA:23,2,1,17
BRDA:23,3,0,21
BRDA:23,3,1,19
BRDA:37,4,0,8
BRDA:37,5,0,8
BRDA:44,6,0,7
BRDA:44,6,1,1
BRDA:45,7,0,7
BRDA:45,7,1,1
BRDA:49,8,0,5
BRDA:49,8,1,2
BRDA:59,9,0,4
BRDA:63,10,0,4
BRDA:70,11,0,2
BRDA:70,11,1,2
BRDA:84,12,0,1
BRDA:92,13,0,27
BRDA:92,13,1,12
BRDA:97,14,0,18
BRDA:97,14,1,14
BRDA:115,15,0,21
BRDA:115,15,1,3
BRDA:123,16,0,6
BRDA:123,16,1,1
BRDA:131,17,0,3
BRDA:131,17,1,3
BRDA:131,18,0,6
BRDA:131,18,1,4
BRDA:131,18,2,3
BRDA:137,19,0,2
BRDA:137,19,1,1
BRDA:146,20,0,12
BRDA:146,20,1,2
BRF:38
BRH:38
end_of_record
TN:
SF:src\editor\documentModel.js
FN:5,createLanguage
FN:13,createPage
FN:21,createDocument
FN:40,(anonymous_3)
FN:82,serializeDocument
FN:86,deserializeDocument
FNF:6
FNH:6
FNDA:5,createLanguage
FNDA:4,createPage
FNDA:4,createDocument
FNDA:5,(anonymous_3)
FNDA:5,serializeDocument
FNDA:5,deserializeDocument
DA:3,3
DA:6,5
DA:14,4
DA:34,4
DA:36,4
DA:40,5
DA:42,4
DA:44,4
DA:48,4
DA:59,4
DA:83,5
DA:87,5
LF:12
LH:12
BRDA:5,0,0,5
BRDA:5,1,0,5
BRDA:5,2,0,5
BRDA:5,3,0,5
BRDA:13,4,0,4
BRDA:13,5,0,4
BRDA:13,6,0,4
BRDA:13,7,0,4
BRDA:21,8,0,4
BRDA:23,9,0,4
BRDA:24,10,0,4
BRDA:25,11,0,4
BRDA:26,12,0,4
BRDA:27,13,0,4
BRDA:28,14,0,4
BRDA:36,15,0,2
BRDA:36,15,1,2
BRDA:36,16,0,4
BRDA:36,16,1,2
BRDA:40,17,0,4
BRDA:40,17,1,1
BRDA:42,18,0,2
BRDA:42,18,1,2
BRDA:42,19,0,4
BRDA:42,19,1,2
BRDA:51,20,0,4
BRDA:51,20,1,3
BRDA:55,21,0,4
BRDA:55,21,1,4
BRDA:72,22,0,4
BRDA:72,22,1,3
BRDA:76,23,0,4
BRDA:76,23,1,3
BRDA:77,24,0,4
BRDA:77,24,1,3
BRF:35
BRH:35
end_of_record
TN:
SF:src\editor\editor.js
FN:9,createEditorState
FN:26,createEditorView
FN:29,(anonymous_2)
FN:36,(anonymous_3)
FN:45,(anonymous_4)
FN:56,runCommand
FN:60,applyTextStyle
FN:83,applyTextAlign
FN:89,(anonymous_8)
FN:106,createEditorCommands
FN:109,(anonymous_10)
FN:110,(anonymous_11)
FN:111,(anonymous_12)
FN:112,(anonymous_13)
FN:113,(anonymous_14)
FN:114,(anonymous_15)
FN:115,(anonymous_16)
FN:116,(anonymous_17)
FN:117,(anonymous_18)
FN:121,createEditor
FNF:20
FNH:20
FNDA:11,createEditorState
FNDA:10,createEditorView
FNDA:1,(anonymous_2)
FNDA:2,(anonymous_3)
FNDA:15,(anonymous_4)
FNDA:6,runCommand
FNDA:5,applyTextStyle
FNDA:3,applyTextAlign
FNDA:5,(anonymous_8)
FNDA:5,createEditorCommands
FNDA:1,(anonymous_10)
FNDA:1,(anonymous_11)
FNDA:1,(anonymous_12)
FNDA:1,(anonymous_13)
FNDA:1,(anonymous_14)
FNDA:1,(anonymous_15)
FNDA:3,(anonymous_16)
FNDA:3,(anonymous_17)
FNDA:2,(anonymous_18)
FNDA:10,createEditor
DA:10,11
DA:11,11
DA:29,1
DA:33,10
DA:37,2
DA:38,2
DA:39,1
DA:41,1
DA:42,1
DA:43,1
DA:46,15
DA:47,15
DA:48,15
DA:49,12
DA:53,10
DA:57,6
DA:61,5
DA:62,5
DA:63,5
DA:64,2
DA:67,3
DA:68,5
DA:69,5
DA:70,5
DA:72,5
DA:73,5
DA:74,2
DA:76,1
DA:79,3
DA:80,3
DA:84,3
DA:85,3
DA:86,3
DA:87,3
DA:89,3
DA:90,5
DA:91,2
DA:92,2
DA:93,2
DA:95,3
DA:98,3
DA:99,1
DA:102,2
DA:103,2
DA:107,5
DA:108,5
DA:109,1
DA:110,1
DA:111,1
DA:112,1
DA:113,1
DA:114,1
DA:115,3
DA:116,3
DA:117,2
DA:122,10
DA:123,10
DA:124,10
LF:58
LH:58
BRDA:9,0,0,11
BRDA:9,1,0,11
BRDA:10,2,0,2
BRDA:10,2,1,9
BRDA:29,3,0,1
BRDA:38,4,0,1
BRDA:38,4,1,1
BRDA:48,5,0,12
BRDA:48,5,1,3
BRDA:63,6,0,2
BRDA:63,6,1,3
BRDA:67,7,0,3
BRDA:67,7,1,2
BRDA:69,8,0,5
BRDA:69,8,1,2
BRDA:73,9,0,2
BRDA:73,9,1,1
BRDA:90,10,0,2
BRDA:90,10,1,3
BRDA:90,11,0,5
BRDA:90,11,1,3
BRDA:98,12,0,1
BRDA:98,12,1,2
BRDA:121,13,0,10
BRDA:122,14,0,10
BRDA:122,14,1,7
BRF:26
BRH:26
end_of_record
TN:
SF:src\editor\schema.js
FN:16,(anonymous_0)
FN:22,(anonymous_1)
FN:41,(anonymous_2)
FN:51,(anonymous_3)
FN:63,createEditorSchema
FN:77,(anonymous_5)
FN:80,(anonymous_6)
FN:95,(anonymous_7)
FN:97,(anonymous_8)
FN:102,(anonymous_9)
FNF:10
FNH:10
FNDA:2,(anonymous_0)
FNDA:2,(anonymous_1)
FNDA:2,(anonymous_2)
FNDA:5,(anonymous_3)
FNDA:30,createEditorSchema
FNDA:3,(anonymous_5)
FNDA:12,(anonymous_6)
FNDA:180,(anonymous_7)
FNDA:4,(anonymous_8)
FNDA:2,(anonymous_9)
DA:5,2
DA:16,2
DA:22,2
DA:33,2
DA:42,2
DA:43,2
DA:44,2
DA:45,1
DA:47,1
DA:52,5
DA:53,5
DA:54,3
DA:56,5
DA:57,2
DA:59,5
DA:64,30
DA:65,30
DA:66,30
DA:68,30
DA:77,3
DA:81,12
DA:82,12
DA:83,2
DA:85,12
DA:89,30
DA:95,180
DA:97,4
DA:103,2
DA:104,2
DA:105,1
DA:107,2
DA:111,30
DA:115,30
DA:116,30
DA:117,30
LF:35
LH:35
BRDA:17,0,0,2
BRDA:17,0,1,1
BRDA:18,1,0,2
BRDA:18,1,1,1
BRDA:26,2,0,2
BRDA:26,2,1,2
BRDA:42,3,0,2
BRDA:42,3,1,2
BRDA:43,4,0,2
BRDA:43,4,1,1
BRDA:44,5,0,1
BRDA:44,5,1,1
BRDA:44,6,0,2
BRDA:44,6,1,2
BRDA:53,7,0,3
BRDA:53,7,1,2
BRDA:56,8,0,2
BRDA:56,8,1,3
BRDA:59,9,0,4
BRDA:59,9,1,1
BRDA:77,10,0,3
BRDA:77,10,1,2
BRDA:82,11,0,2
BRDA:82,11,1,10
BRDA:99,12,0,4
BRDA:99,12,1,2
BRDA:104,13,0,1
BRDA:104,13,1,1
BRF:28
BRH:28
end_of_record
TN:
SF:src\services\ai.js
FN:1,createAiService
FN:13,resolveText
FN:29,(anonymous_2)
FNF:3
FNH:3
FNDA:13,createAiService
FNDA:10,resolveText
FNDA:11,(anonymous_2)
DA:2,13
DA:3,1
DA:5,12
DA:6,1
DA:9,11
DA:10,13
DA:11,13
DA:14,10
DA:15,1
DA:17,9
DA:28,13
DA:30,11
DA:35,11
DA:36,2
DA:39,11
DA:48,11
DA:49,1
DA:58,10
DA:59,10
LF:19
LH:19
BRDA:1,0,0,13
BRDA:2,1,0,1
BRDA:2,1,1,12
BRDA:5,2,0,1
BRDA:5,2,1,11
BRDA:9,3,0,11
BRDA:9,3,1,1
BRDA:10,4,0,13
BRDA:10,4,1,10
BRDA:11,5,0,13
BRDA:11,5,1,10
BRDA:14,6,0,1
BRDA:14,6,1,9
BRDA:14,7,0,10
BRDA:14,7,1,10
BRDA:18,8,0,9
BRDA:18,8,1,8
BRDA:18,8,2,6
BRDA:18,8,3,5
BRDA:18,8,4,3
BRDA:18,8,5,2
BRDA:18,8,6,1
BRDA:35,9,0,2
BRDA:35,9,1,9
BRDA:48,10,0,1
BRDA:48,10,1,10
BRDA:63,11,0,10
BRDA:63,11,1,9
BRDA:63,11,2,7
BRF:29
BRH:29
end_of_record
TN:
SF:src\services\export.js
FN:6,getPageSize
FN:14,escapeHtml
FN:22,renderMarks
FN:26,(anonymous_3)
FN:52,sanitizeFontValue
FN:56,renderNode
FN:100,getBlockTextStyle
FN:117,renderTextBlock
FN:134,renderImageBlock
FN:139,renderTableBlock
FN:142,(anonymous_10)
FN:143,(anonymous_11)
FN:151,renderBlock
FN:167,renderRegionBlocks
FN:171,(anonymous_14)
FN:174,renderPage
FN:175,(anonymous_16)
FN:195,renderDocumentToHtml
FN:201,(anonymous_18)
FNF:19
FNH:19
FNDA:34,getPageSize
FNDA:61,escapeHtml
FNDA:23,renderMarks
FNDA:7,(anonymous_3)
FNDA:8,sanitizeFontValue
FNDA:64,renderNode
FNDA:23,getBlockTextStyle
FNDA:23,renderTextBlock
FNDA:2,renderImageBlock
FNDA:2,renderTableBlock
FNDA:1,(anonymous_10)
FNDA:2,(anonymous_11)
FNDA:27,renderBlock
FNDA:64,renderRegionBlocks
FNDA:2,(anonymous_14)
FNDA:32,renderPage
FNDA:25,(anonymous_16)
FNDA:34,renderDocumentToHtml
FNDA:32,(anonymous_18)
DA:1,4
DA:7,34
DA:8,34
DA:9,1
DA:11,33
DA:15,61
DA:23,23
DA:27,7
DA:28,1
DA:30,6
DA:31,1
DA:33,5
DA:34,4
DA:35,4
DA:36,4
DA:37,4
DA:38,1
DA:40,4
DA:41,2
DA:43,4
DA:44,1
DA:46,3
DA:48,1
DA:53,8
DA:57,64
DA:58,1
DA:61,63
DA:62,23
DA:65,40
DA:69,64
DA:71,16
DA:73,13
DA:74,13
DA:75,13
DA:78,3
DA:79,3
DA:80,3
DA:81,3
DA:84,1
DA:86,1
DA:88,2
DA:90,1
DA:92,1
DA:94,1
DA:96,1
DA:101,23
DA:103,23
DA:108,23
DA:118,23
DA:119,23
DA:120,23
DA:126,23
DA:127,1
DA:129,23
DA:135,2
DA:136,2
DA:140,2
DA:141,2
DA:143,2
DA:144,1
DA:148,2
DA:153,27
DA:158,27
DA:159,2
DA:161,25
DA:162,2
DA:164,23
DA:168,64
DA:169,62
DA:171,2
DA:175,32
DA:176,32
DA:177,32
DA:178,32
DA:179,32
DA:180,32
DA:181,32
DA:182,32
DA:183,32
DA:187,32
DA:196,34
DA:197,34
DA:198,34
DA:200,34
DA:202,32
DA:203,32
DA:207,34
DA:233,34
LF:88
LH:88
BRDA:7,0,0,34
BRDA:7,0,1,4
BRDA:8,1,0,1
BRDA:8,1,1,33
BRDA:22,2,0,23
BRDA:27,3,0,1
BRDA:27,3,1,6
BRDA:30,4,0,1
BRDA:30,4,1,5
BRDA:33,5,0,4
BRDA:33,5,1,1
BRDA:37,6,0,1
BRDA:37,6,1,3
BRDA:40,7,0,2
BRDA:40,7,1,2
BRDA:43,8,0,1
BRDA:43,8,1,3
BRDA:53,9,0,3
BRDA:53,9,1,5
BRDA:57,10,0,1
BRDA:57,10,1,63
BRDA:61,11,0,23
BRDA:61,11,1,40
BRDA:62,12,0,23
BRDA:62,12,1,1
BRDA:62,13,0,23
BRDA:62,13,1,18
BRDA:65,14,0,36
BRDA:65,14,1,4
BRDA:69,15,0,16
BRDA:69,15,1,13
BRDA:69,15,2,3
BRDA:69,15,3,1
BRDA:69,15,4,1
BRDA:69,15,5,2
BRDA:69,15,6,1
BRDA:69,15,7,1
BRDA:69,15,8,1
BRDA:69,15,9,1
BRDA:74,16,0,1
BRDA:74,16,1,12
BRDA:78,17,0,3
BRDA:78,17,1,1
BRDA:80,18,0,1
BRDA:80,18,1,2
BRDA:101,19,0,23
BRDA:101,19,1,1
BRDA:103,20,0,1
BRDA:103,20,1,22
BRDA:105,21,0,1
BRDA:105,21,1,21
BRDA:109,22,0,23
BRDA:109,22,1,22
BRDA:110,23,0,23
BRDA:110,23,1,22
BRDA:113,24,0,23
BRDA:113,24,1,22
BRDA:118,25,0,23
BRDA:118,25,1,3
BRDA:126,26,0,1
BRDA:126,26,1,22
BRDA:135,27,0,2
BRDA:135,27,1,1
BRDA:140,28,0,1
BRDA:140,28,1,1
BRDA:151,29,0,27
BRDA:158,30,0,2
BRDA:158,30,1,25
BRDA:161,31,0,2
BRDA:161,31,1,23
BRDA:168,32,0,62
BRDA:168,32,1,2
BRDA:168,33,0,64
BRDA:168,33,1,64
BRDA:176,34,0,32
BRDA:176,34,1,28
BRDA:177,35,0,32
BRDA:177,35,1,28
BRDA:178,36,0,32
BRDA:178,36,1,28
BRDA:179,37,0,32
BRDA:179,37,1,28
BRDA:180,38,0,30
BRDA:180,38,1,2
BRDA:180,39,0,30
BRDA:180,39,1,28
BRDA:181,40,0,30
BRDA:181,40,1,2
BRDA:181,41,0,30
BRDA:181,41,1,29
BRDA:196,42,0,33
BRDA:196,42,1,1
BRDA:202,43,0,31
BRDA:202,43,1,1
BRDA:233,44,0,34
BRDA:233,44,1,3
BRF:96
BRH:96
end_of_record
TN:
SF:src\services\storage.js
FN:3,createStorageService
FN:9,(anonymous_1)
FN:13,(anonymous_2)
FNF:3
FNH:3
FNDA:12,createStorageService
FNDA:4,(anonymous_1)
FNDA:4,(anonymous_2)
DA:4,12
DA:5,1
DA:8,11
DA:10,4
DA:11,4
DA:14,4
DA:15,4
LF:7
LH:7
BRDA:4,0,0,1
BRDA:4,0,1,11
BRDA:4,1,0,12
BRDA:4,1,1,11
BRDA:4,1,2,11
BRF:5
BRH:5
end_of_record
TN:
SF:src\services\tauriStorage.js
FN:3,createTauriAdapter
FN:9,(anonymous_1)
FN:12,(anonymous_2)
FN:18,pickSavePath
FN:28,pickOpenPath
FN:39,saveDocumentToFile
FN:58,loadDocumentFromFile
FNF:7
FNH:7
FNDA:4,createTauriAdapter
FNDA:2,(anonymous_1)
FNDA:2,(anonymous_2)
FNDA:4,pickSavePath
FNDA:4,pickOpenPath
FNDA:6,saveDocumentToFile
FNDA:6,loadDocumentFromFile
DA:4,4
DA:5,1
DA:8,3
DA:10,2
DA:13,2
DA:19,4
DA:20,1
DA:23,3
DA:29,4
DA:30,1
DA:33,3
DA:40,6
DA:41,6
DA:43,6
DA:44,1
DA:47,5
DA:48,5
DA:50,6
DA:51,2
DA:54,3
DA:55,3
DA:59,6
DA:60,6
DA:62,6
DA:63,1
DA:66,5
DA:67,5
DA:69,6
DA:70,2
DA:73,3
DA:74,3
LF:31
LH:31
BRDA:4,0,0,1
BRDA:4,0,1,3
BRDA:4,1,0,4
BRDA:4,1,1,3
BRDA:19,2,0,1
BRDA:19,2,1,3
BRDA:29,3,0,1
BRDA:29,3,1,3
BRDA:39,4,0,6
BRDA:41,5,0,6
BRDA:41,5,1,2
BRDA:41,6,0,1
BRDA:41,6,1,1
BRDA:43,7,0,1
BRDA:43,7,1,5
BRDA:48,8,0,5
BRDA:48,8,1,3
BRDA:48,9,0,2
BRDA:48,9,1,1
BRDA:50,10,0,2
BRDA:50,10,1,4
BRDA:58,11,0,6
BRDA:60,12,0,6
BRDA:60,12,1,2
BRDA:60,13,0,1
BRDA:60,13,1,1
BRDA:62,14,0,1
BRDA:62,14,1,5
BRDA:67,15,0,5
BRDA:67,15,1,3
BRDA:67,16,0,2
BRDA:67,16,1,1
BRDA:69,17,0,2
BRDA:69,17,1,4
BRF:34
BRH:34
end_of_record
TN:
SF:src\services\translation.js
FN:1,createTranslationService
FN:13,buildPrompt
FN:22,resolveText
FN:37,sendPrompt
FN:70,(anonymous_4)
FN:74,(anonymous_5)
FNF:6
FNH:6
FNDA:13,createTranslationService
FNDA:10,buildPrompt
FNDA:10,resolveText
FNDA:11,sendPrompt
FNDA:10,(anonymous_4)
FNDA:1,(anonymous_5)
DA:2,13
DA:3,1
DA:5,12
DA:6,1
DA:9,11
DA:10,13
DA:11,13
DA:14,10
DA:23,10
DA:24,1
DA:26,9
DA:38,11
DA:51,11
DA:52,1
DA:61,10
DA:62,10
DA:69,13
DA:71,10
DA:72,10
DA:75,1
LF:20
LH:20
BRDA:1,0,0,13
BRDA:2,1,0,1
BRDA:2,1,1,12
BRDA:5,2,0,1
BRDA:5,2,1,11
BRDA:9,3,0,11
BRDA:9,3,1,1
BRDA:10,4,0,13
BRDA:10,4,1,10
BRDA:11,5,0,13
BRDA:11,5,1,10
BRDA:23,6,0,1
BRDA:23,6,1,9
BRDA:23,7,0,10
BRDA:23,7,1,10
BRDA:27,8,0,9
BRDA:27,8,1,6
BRDA:27,8,2,5
BRDA:27,8,3,4
BRDA:27,8,4,3
BRDA:27,8,5,2
BRDA:27,8,6,1
BRDA:51,9,0,1
BRDA:51,9,1,10
BRF:24
BRH:24
end_of_record
TN:
SF:src\ui\toolbar.js
FN:1,createToolbar
FN:29,(anonymous_1)
FN:32,(anonymous_2)
FN:42,(anonymous_3)
FN:45,(anonymous_4)
FN:63,(anonymous_5)
FN:69,(anonymous_6)
FN:75,(anonymous_7)
FN:86,(anonymous_8)
FN:99,(anonymous_9)
FNF:10
FNH:10
FNDA:2,createToolbar
FNDA:10,(anonymous_1)
FNDA:1,(anonymous_2)
FNDA:14,(anonymous_3)
FNDA:1,(anonymous_4)
FNDA:1,(anonymous_5)
FNDA:1,(anonymous_6)
FNDA:1,(anonymous_7)
FNDA:14,(anonymous_8)
FNDA:7,(anonymous_9)
DA:10,2
DA:11,2
DA:12,2
DA:14,2
DA:21,2
DA:23,2
DA:24,2
DA:26,2
DA:27,2
DA:28,2
DA:29,10
DA:31,2
DA:32,2
DA:33,1
DA:36,2
DA:37,2
DA:39,2
DA:40,2
DA:41,2
DA:42,14
DA:44,2
DA:45,2
DA:46,1
DA:49,2
DA:50,1
DA:51,1
DA:54,2
DA:56,2
DA:63,1
DA:69,1
DA:75,1
DA:86,2
DA:87,14
DA:88,14
DA:89,14
DA:90,14
DA:92,14
DA:93,14
DA:94,14
DA:95,7
DA:96,7
DA:98,14
DA:99,14
DA:100,14
DA:103,2
LF:45
LH:45
BRDA:1,0,0,2
BRDA:3,1,0,2
BRDA:7,2,0,2
BRDA:8,3,0,2
BRDA:9,4,0,2
BRDA:49,5,0,1
BRDA:49,5,1,1
BRDA:94,6,0,7
BRDA:94,6,1,7
BRDA:99,7,0,7
BRDA:99,7,1,7
BRF:11
BRH:11
end_of_record
TN:
SF:src\utils\grid.js
FN:1,normalizeGridSize
FN:9,snapValue
FN:14,snapPoint
FN:30,snapRect
FNF:4
FNH:4
FNDA:33,normalizeGridSize
FNDA:30,snapValue
FNDA:11,snapPoint
FNDA:8,snapRect
DA:2,33
DA:3,33
DA:4,29
DA:6,4
DA:10,30
DA:11,30
DA:15,11
DA:20,11
DA:21,5
DA:24,6
DA:31,8
DA:38,8
DA:39,4
DA:42,4
LF:14
LH:14
BRDA:1,0,0,33
BRDA:3,1,0,29
BRDA:3,1,1,4
BRDA:3,2,0,33
BRDA:3,2,1,30
BRDA:14,3,0,11
BRDA:16,4,0,11
BRDA:16,4,1,1
BRDA:17,5,0,11
BRDA:17,5,1,1
BRDA:20,6,0,5
BRDA:20,6,1,6
BRDA:30,7,0,8
BRDA:32,8,0,8
BRDA:32,8,1,1
BRDA:33,9,0,8
BRDA:33,9,1,1
BRDA:34,10,0,8
BRDA:34,10,1,1
BRDA:35,11,0,8
BRDA:35,11,1,1
BRDA:38,12,0,4
BRDA:38,12,1,4
BRF:23
BRH:23
end_of_record
TN:
SF:src\utils\id.js
FN:1,createId
FNF:1
FNH:1
FNDA:12,createId
DA:2,12
DA:3,12
DA:4,12
LF:3
LH:3
BRDA:1,0,0,12
BRF:1
BRH:1
end_of_record
